c:\users\agustin\documents\proyecto_cgeihc\proyecto_cgeihc\proyecto_final\proyecto_final\debug\vc142.pdb
c:\users\agustin\documents\proyecto_cgeihc\proyecto_cgeihc\proyecto_final\proyecto_final\debug\vc142.idb
c:\users\agustin\documents\proyecto_cgeihc\proyecto_cgeihc\proyecto_final\proyecto_final\debug\final.obj
c:\users\agustin\documents\proyecto_cgeihc\proyecto_cgeihc\proyecto_final\proyecto_final\debug\glad.obj
c:\users\agustin\documents\proyecto_cgeihc\proyecto_cgeihc\proyecto_final\proyecto_final\debug\proyecto_final.ilk
c:\users\agustin\documents\proyecto_cgeihc\proyecto_cgeihc\proyecto_final\debug\proyecto_final.exe
c:\users\agustin\documents\proyecto_cgeihc\proyecto_cgeihc\proyecto_final\debug\proyecto_final.pdb
d:\documentos\eaglewarriordemo\proyecto_final\proyecto_final\debug\final.obj
d:\documentos\eaglewarriordemo\proyecto_final\proyecto_final\debug\glad.obj
d:\documentos\eaglewarriordemo\proyecto_final\proyecto_final\debug\proyecto_final.ilk
d:\documentos\eaglewarriordemo\proyecto_final\proyecto_final\debug\vc142.idb
d:\documentos\eaglewarriordemo\proyecto_final\proyecto_final\debug\vc142.pdb
d:\documentos\eaglewarriordemo\proyecto_final\debug\proyecto_final.pdb
d:\documentos\eaglewarriordemo\proyecto_final\debug\proyecto_final.exe
d:\documentos\eaglewarriordemo\proyecto_final\proyecto_final\debug\proyecto_final.tlog\cl.command.1.tlog
d:\documentos\eaglewarriordemo\proyecto_final\proyecto_final\debug\proyecto_final.tlog\cl.read.1.tlog
d:\documentos\eaglewarriordemo\proyecto_final\proyecto_final\debug\proyecto_final.tlog\cl.write.1.tlog
d:\documentos\eaglewarriordemo\proyecto_final\proyecto_final\debug\proyecto_final.tlog\link.command.1.tlog
d:\documentos\eaglewarriordemo\proyecto_final\proyecto_final\debug\proyecto_final.tlog\link.read.1.tlog
d:\documentos\eaglewarriordemo\proyecto_final\proyecto_final\debug\proyecto_final.tlog\link.write.1.tlog
